# JRE version: Java(TM) SE Runtime Environment (8.0_73-b02) (build 1.8.0_73-b02)
# Java VM: Java HotSpot(TM) 64-Bit Server VM (25.73-b02 mixed mode windows-amd64 compressed oops)
Heap:
 PSYoungGen      total 92160K, used 1547K [0x00000000eab00000, 0x00000000f1f00000, 0x0000000100000000)
  eden space 79360K, 1% used [0x00000000eab00000,0x00000000eac82c50,0x00000000ef880000)
  from space 12800K, 0% used [0x00000000f0680000,0x00000000f0680000,0x00000000f1300000)
  to   space 14336K, 0% used [0x00000000ef880000,0x00000000ef880000,0x00000000f0680000)
 ParOldGen       total 70144K, used 19978K [0x00000000c0000000, 0x00000000c4480000, 0x00000000eab00000)
  object space 70144K, 28% used [0x00000000c0000000,0x00000000c1382850,0x00000000c4480000)
 Metaspace       used 34785K, capacity 35458K, committed 35624K, reserved 1079296K
  class space    used 4701K, capacity 4876K, committed 4992K, reserved 1048576K
GC Heap History (10 events):
Event: 6.702 GC heap before
{Heap before GC invocations=8 (full 1):
 PSYoungGen      total 56320K, used 49502K [0x00000000eab00000, 0x00000000eed80000, 0x0000000100000000)
  eden space 45056K, 100% used [0x00000000eab00000,0x00000000ed700000,0x00000000ed700000)
  from space 11264K, 39% used [0x00000000ee200000,0x00000000ee657bf8,0x00000000eed00000)
  to   space 11264K, 0% used [0x00000000ed700000,0x00000000ed700000,0x00000000ee200000)
 ParOldGen       total 70144K, used 9488K [0x00000000c0000000, 0x00000000c4480000, 0x00000000eab00000)
  object space 70144K, 13% used [0x00000000c0000000,0x00000000c09441d0,0x00000000c4480000)
 Metaspace       used 27395K, capacity 27810K, committed 27904K, reserved 1073152K
  class space    used 3715K, capacity 3804K, committed 3840K, reserved 1048576K
Event: 6.714 GC heap after
Heap after GC invocations=8 (full 1):
 PSYoungGen      total 56320K, used 4552K [0x00000000eab00000, 0x00000000efd80000, 0x0000000100000000)
  eden space 45056K, 0% used [0x00000000eab00000,0x00000000eab00000,0x00000000ed700000)
  from space 11264K, 40% used [0x00000000ed700000,0x00000000edb722e8,0x00000000ee200000)
  to   space 10752K, 0% used [0x00000000ef300000,0x00000000ef300000,0x00000000efd80000)
 ParOldGen       total 70144K, used 9496K [0x00000000c0000000, 0x00000000c4480000, 0x00000000eab00000)
  object space 70144K, 13% used [0x00000000c0000000,0x00000000c09461d0,0x00000000c4480000)
 Metaspace       used 27395K, capacity 27810K, committed 27904K, reserved 1073152K
  class space    used 3715K, capacity 3804K, committed 3840K, reserved 1048576K
}
Event: 7.445 GC heap before
{Heap before GC invocations=9 (full 1):
 PSYoungGen      total 56320K, used 49608K [0x00000000eab00000, 0x00000000efd80000, 0x0000000100000000)
  eden space 45056K, 100% used [0x00000000eab00000,0x00000000ed700000,0x00000000ed700000)
  from space 11264K, 40% used [0x00000000ed700000,0x00000000edb722e8,0x00000000ee200000)
  to   space 10752K, 0% used [0x00000000ef300000,0x00000000ef300000,0x00000000efd80000)
 ParOldGen       total 70144K, used 9496K [0x00000000c0000000, 0x00000000c4480000, 0x00000000eab00000)
  object space 70144K, 13% used [0x00000000c0000000,0x00000000c09461d0,0x00000000c4480000)
 Metaspace       used 30568K, capacity 31140K, committed 31232K, reserved 1077248K
  class space    used 4127K, capacity 4302K, committed 4352K, reserved 1048576K
Event: 7.455 GC heap after
Heap after GC invocations=9 (full 1):
 PSYoungGen      total 73216K, used 7605K [0x00000000eab00000, 0x00000000f0000000, 0x0000000100000000)
  eden space 62464K, 0% used [0x00000000eab00000,0x00000000eab00000,0x00000000ee800000)
  from space 10752K, 70% used [0x00000000ef300000,0x00000000efa6d408,0x00000000efd80000)
  to   space 11264K, 0% used [0x00000000ee800000,0x00000000ee800000,0x00000000ef300000)
 ParOldGen       total 70144K, used 9568K [0x00000000c0000000, 0x00000000c4480000, 0x00000000eab00000)
  object space 70144K, 13% used [0x00000000c0000000,0x00000000c09581e0,0x00000000c4480000)
 Metaspace       used 30568K, capacity 31140K, committed 31232K, reserved 1077248K
  class space    used 4127K, capacity 4302K, committed 4352K, reserved 1048576K
}
Event: 8.220 GC heap before
{Heap before GC invocations=10 (full 1):
 PSYoungGen      total 73216K, used 70069K [0x00000000eab00000, 0x00000000f0000000, 0x0000000100000000)
  eden space 62464K, 100% used [0x00000000eab00000,0x00000000ee800000,0x00000000ee800000)
  from space 10752K, 70% used [0x00000000ef300000,0x00000000efa6d408,0x00000000efd80000)
  to   space 11264K, 0% used [0x00000000ee800000,0x00000000ee800000,0x00000000ef300000)
 ParOldGen       total 70144K, used 9568K [0x00000000c0000000, 0x00000000c4480000, 0x00000000eab00000)
  object space 70144K, 13% used [0x00000000c0000000,0x00000000c09581e0,0x00000000c4480000)
 Metaspace       used 33546K, capacity 34208K, committed 34432K, reserved 1079296K
  class space    used 4514K, capacity 4714K, committed 4736K, reserved 1048576K
Event: 8.237 GC heap after
Heap after GC invocations=10 (full 1):
 PSYoungGen      total 73728K, used 11249K [0x00000000eab00000, 0x00000000f1300000, 0x0000000100000000)
  eden space 62464K, 0% used [0x00000000eab00000,0x00000000eab00000,0x00000000ee800000)
  from space 11264K, 99% used [0x00000000ee800000,0x00000000ef2fc638,0x00000000ef300000)
  to   space 12800K, 0% used [0x00000000f0680000,0x00000000f0680000,0x00000000f1300000)
 ParOldGen       total 70144K, used 10210K [0x00000000c0000000, 0x00000000c4480000, 0x00000000eab00000)
  object space 70144K, 14% used [0x00000000c0000000,0x00000000c09f8a50,0x00000000c4480000)
 Metaspace       used 33546K, capacity 34208K, committed 34432K, reserved 1079296K
  class space    used 4514K, capacity 4714K, committed 4736K, reserved 1048576K
}
Event: 8.489 GC heap before
{Heap before GC invocations=11 (full 1):
 PSYoungGen      total 73728K, used 31971K [0x00000000eab00000, 0x00000000f1300000, 0x0000000100000000)
  eden space 62464K, 33% used [0x00000000eab00000,0x00000000ebf3c778,0x00000000ee800000)
  from space 11264K, 99% used [0x00000000ee800000,0x00000000ef2fc638,0x00000000ef300000)
  to   space 12800K, 0% used [0x00000000f0680000,0x00000000f0680000,0x00000000f1300000)
 ParOldGen       total 70144K, used 10210K [0x00000000c0000000, 0x00000000c4480000, 0x00000000eab00000)
  object space 70144K, 14% used [0x00000000c0000000,0x00000000c09f8a50,0x00000000c4480000)
 Metaspace       used 34643K, capacity 35298K, committed 35496K, reserved 1079296K
  class space    used 4686K, capacity 4844K, committed 4864K, reserved 1048576K
Event: 8.521 GC heap after
Heap after GC invocations=11 (full 1):
 PSYoungGen      total 92160K, used 12423K [0x00000000eab00000, 0x00000000f1f00000, 0x0000000100000000)
  eden space 79360K, 0% used [0x00000000eab00000,0x00000000eab00000,0x00000000ef880000)
  from space 12800K, 97% used [0x00000000f0680000,0x00000000f12a1f50,0x00000000f1300000)
  to   space 14336K, 0% used [0x00000000ef880000,0x00000000ef880000,0x00000000f0680000)
 ParOldGen       total 70144K, used 10218K [0x00000000c0000000, 0x00000000c4480000, 0x00000000eab00000)
  object space 70144K, 14% used [0x00000000c0000000,0x00000000c09faa50,0x00000000c4480000)
 Metaspace       used 34643K, capacity 35298K, committed 35496K, reserved 1079296K
  class space    used 4686K, capacity 4844K, committed 4864K, reserved 1048576K
}
Event: 8.521 GC heap before
{Heap before GC invocations=12 (full 2):
 PSYoungGen      total 92160K, used 12423K [0x00000000eab00000, 0x00000000f1f00000, 0x0000000100000000)
  eden space 79360K, 0% used [0x00000000eab00000,0x00000000eab00000,0x00000000ef880000)
  from space 12800K, 97% used [0x00000000f0680000,0x00000000f12a1f50,0x00000000f1300000)
  to   space 14336K, 0% used [0x00000000ef880000,0x00000000ef880000,0x00000000f0680000)
 ParOldGen       total 70144K, used 10218K [0x00000000c0000000, 0x00000000c4480000, 0x00000000eab00000)
  object space 70144K, 14% used [0x00000000c0000000,0x00000000c09faa50,0x00000000c4480000)
 Metaspace       used 34643K, capacity 35298K, committed 35496K, reserved 1079296K
  class space    used 4686K, capacity 4844K, committed 4864K, reserved 1048576K
Event: 8.686 GC heap after
Heap after GC invocations=12 (full 2):
 PSYoungGen      total 92160K, used 0K [0x00000000eab00000, 0x00000000f1f00000, 0x0000000100000000)
  eden space 79360K, 0% used [0x00000000eab00000,0x00000000eab00000,0x00000000ef880000)
  from space 12800K, 0% used [0x00000000f0680000,0x00000000f0680000,0x00000000f1300000)
  to   space 14336K, 0% used [0x00000000ef880000,0x00000000ef880000,0x00000000f0680000)
 ParOldGen       total 70144K, used 19978K [0x00000000c0000000, 0x00000000c4480000, 0x00000000eab00000)
  object space 70144K, 28% used [0x00000000c0000000,0x00000000c1382850,0x00000000c4480000)
 Metaspace       used 34643K, capacity 35298K, committed 35496K, reserved 1079296K
  class space    used 4686K, capacity 4844K, committed 4864K, reserved 1048576K
}

